(cd /home/hemmecke/v/git/fricas-bisect/fricas/target/x86_64-unknown-linux/share/hypertex/pages; \
	  rm -f ht.db ; \
	  /home/hemmecke/v/git/fricas-bisect/fricas/target/x86_64-unknown-linux/bin/htadd *.ht)
Added   2 pages and/or macros from algebra.ht
Added   3 pages and/or macros from ALIST.ht
Added   3 pages and/or macros from ARRAY1.ht
Added   3 pages and/or macros from ARRAY2.ht
Added  29 pages and/or macros from aspex.ht
Added   2 pages and/or macros from basic.ht
Added   3 pages and/or macros from BBTREE.ht
Added   3 pages and/or macros from BINARY.ht
Added   1 pages and/or macros from bmcat.ht
Added   3 pages and/or macros from BOP.ht
Added   3 pages and/or macros from BSTREE.ht
Added   3 pages and/or macros from CARD.ht
Added   3 pages and/or macros from CARTEN.ht
Added   3 pages and/or macros from CCLASS.ht
Added   3 pages and/or macros from CHAR.ht
Added  15 pages and/or macros from CLIF.ht
Added   3 pages and/or macros from COMPLEX.ht
Added   3 pages and/or macros from CONTFRAC.ht
Added  10 pages and/or macros from coverex.ht
Added   1 pages and/or macros from CPHelp.ht
Added   3 pages and/or macros from CYCLES.ht
Added   3 pages and/or macros from DECIMAL.ht
Added   3 pages and/or macros from DERHAM.ht
Added   3 pages and/or macros from DFLOAT.ht
Added   3 pages and/or macros from DMP.ht
Added   3 pages and/or macros from EQ.ht
Added   3 pages and/or macros from EQTBL.ht
Added   2 pages and/or macros from evalex.ht
Added   6 pages and/or macros from exdiff.ht
Added  10 pages and/or macros from exint.ht
Added   3 pages and/or macros from EXIT.ht
Added   6 pages and/or macros from exlap.ht
Added   7 pages and/or macros from exlimit.ht
Added   6 pages and/or macros from exmatrix.ht
Added   4 pages and/or macros from explot2d.ht
Added   3 pages and/or macros from explot3d.ht
Added   4 pages and/or macros from expose.ht
Added   3 pages and/or macros from EXPR.ht
Added   4 pages and/or macros from exseries.ht
Added   8 pages and/or macros from exsum.ht
Added   3 pages and/or macros from FARRAY.ht
Added   3 pages and/or macros from FILE.ht
Added  15 pages and/or macros from FLOAT.ht
Added   3 pages and/or macros from FNAME.ht
Added   3 pages and/or macros from FPARFRAC.ht
Added   3 pages and/or macros from FR2.ht
Added   3 pages and/or macros from FRAC.ht
Added  18 pages and/or macros from FR.ht
Added   7 pages and/or macros from function.ht
Added   3 pages and/or macros from GBF.ht
Added   1 pages and/or macros from gloss.ht
Added  40 pages and/or macros from graphics.ht
Added   4 pages and/or macros from grpthry.ht
Added   3 pages and/or macros from GSTBL.ht
Added   3 pages and/or macros from HEAP.ht
Added   0 pages and/or macros from help.ht
Added   3 pages and/or macros from HEXADEC.ht
Added   5 pages and/or macros from HTXAdvPage1.ht
Added   1 pages and/or macros from HTXAdvPage2.ht
Added   1 pages and/or macros from HTXAdvPage3.ht
Added   4 pages and/or macros from HTXAdvPage4.ht
Added   1 pages and/or macros from HTXAdvPage5.ht
Added   7 pages and/or macros from HTXAdvPage6.ht
Added   1 pages and/or macros from HTXAdvTopPage.ht
Added   5 pages and/or macros from HTXFormatPage1.ht
Added   9 pages and/or macros from HTXFormatPage2.ht
Added   9 pages and/or macros from HTXFormatPage3.ht
Added  11 pages and/or macros from HTXFormatPage4.ht
Added   7 pages and/or macros from HTXFormatPage5.ht
Added   5 pages and/or macros from HTXFormatPage6.ht
Added   7 pages and/or macros from HTXFormatPage7.ht
Added   5 pages and/or macros from HTXFormatPage8.ht
Added   1 pages and/or macros from HTXFormatTopPage.ht
Added   1 pages and/or macros from HTXIntroPage1.ht
Added   1 pages and/or macros from HTXIntroPage2.ht
Added   1 pages and/or macros from HTXIntroPage3.ht
Added   1 pages and/or macros from HTXIntroTopPage.ht
Added   4 pages and/or macros from HTXLinkPage1.ht
Added   3 pages and/or macros from HTXLinkPage2.ht
Added   7 pages and/or macros from HTXLinkPage3.ht
Added  11 pages and/or macros from HTXLinkPage4.ht
Added   5 pages and/or macros from HTXLinkPage5.ht
Added   5 pages and/or macros from HTXLinkPage6.ht
Added   1 pages and/or macros from HTXLinkTopPage.ht
Added   1 pages and/or macros from HTXplay.ht
Added   1 pages and/or macros from HTXTopPage.ht
Added   1 pages and/or macros from HTXTryPage.ht
Added   1 pages and/or macros from hyperdoc.ht
Added   3 pages and/or macros from INTHEORY.ht
Added  12 pages and/or macros from INT.ht
Added   3 pages and/or macros from KAFILE.ht
Added   3 pages and/or macros from KERNEL.ht
Added   3 pages and/or macros from LAZM3PK.ht
Added   3 pages and/or macros from LEXP.ht
Added   3 pages and/or macros from LEXTRIPK.ht
Added   3 pages and/or macros from LIB.ht
Added  16 pages and/or macros from Link.ht
Added  18 pages and/or macros from LIST.ht
Added   6 pages and/or macros from LODO1.ht
Added   9 pages and/or macros from LODO2.ht
Added   6 pages and/or macros from LODO.ht
Added   3 pages and/or macros from LPOLY.ht
Added   3 pages and/or macros from LWORD.ht
Added   3 pages and/or macros from MAGMA.ht
Added   3 pages and/or macros from man0.ht
Added   2 pages and/or macros from mapping.ht
Added   3 pages and/or macros from MAPPKG1.ht
Added   9 pages and/or macros from MATRIX.ht
Added   3 pages and/or macros from MKFUNC.ht
Added   3 pages and/or macros from MPOLY.ht
Added   3 pages and/or macros from MSET.ht
Added   2 pages and/or macros from newuser.ht
Added   3 pages and/or macros from NONE.ht
Added  10 pages and/or macros from numbers.ht
Added   3 pages and/or macros from OCT.ht
Added   3 pages and/or macros from ODPOL.ht
Added   3 pages and/or macros from OP.ht
Added   3 pages and/or macros from OVAR.ht
Added   8 pages and/or macros from patch.ht
Added   3 pages and/or macros from PERMAN.ht
Added   3 pages and/or macros from PFR.ht
Added   3 pages and/or macros from POLY.ht
Added   6 pages and/or macros from polys.ht
Added   3 pages and/or macros from QUAT2.ht
Added   3 pages and/or macros from QUAT.ht
Added   3 pages and/or macros from RADIX.ht
Added   3 pages and/or macros from RECLOS.ht
Added   2 pages and/or macros from record.ht
Added   3 pages and/or macros from REGSET.ht
Added   3 pages and/or macros from releaseNotes.ht
Added   3 pages and/or macros from ROMAN.ht
Added   6 pages and/or macros from rootpage.ht
Added   3 pages and/or macros from SEGBIND.ht
Added   3 pages and/or macros from SEG.ht
Added   3 pages and/or macros from SET.ht
Added   3 pages and/or macros from SINT.ht
Added   3 pages and/or macros from SQMATRIX.ht
Added   0 pages and/or macros from srchkey.ht
Added   3 pages and/or macros from SREGSET.ht
Added   3 pages and/or macros from STBL.ht
Added   3 pages and/or macros from STREAM.ht
Added   3 pages and/or macros from STRING.ht
Added   3 pages and/or macros from STRTBL.ht
Added   3 pages and/or macros from SYMBOL.ht
Added   3 pages and/or macros from TABLE.ht
Added   3 pages and/or macros from TEXTFILE.ht
Added   4 pages and/or macros from topics.ht
Added   1 pages and/or macros from type.ht
Added  81 pages and/or macros from ug01.ht
Added  63 pages and/or macros from ug02.ht
Added  30 pages and/or macros from ug03.ht
Added  30 pages and/or macros from ug04.ht
Added  63 pages and/or macros from ug05.ht
Added  83 pages and/or macros from ug06.ht
Added  76 pages and/or macros from ug07.ht
Added 126 pages and/or macros from ug08.ht
Added  30 pages and/or macros from ug10.ht
Added  33 pages and/or macros from ug11.ht
Added  39 pages and/or macros from ug12.ht
Added  66 pages and/or macros from ug13.ht
Added  33 pages and/or macros from ug14.ht
Added  42 pages and/or macros from ug15.ht
Added  90 pages and/or macros from ug16.ht
Added  45 pages and/or macros from ug21.ht
Added   3 pages and/or macros from ug22.ht
Added   1 pages and/or macros from ug.ht
Added   4 pages and/or macros from union.ht
Added   3 pages and/or macros from UNISEG.ht
Added   3 pages and/or macros from UP.ht
Added 283 pages and/or macros from util.ht
Added   3 pages and/or macros from VECTOR.ht
Added   3 pages and/or macros from VOID.ht
Added   3 pages and/or macros from WUTSET.ht
Added   3 pages and/or macros from xmpexp.ht
Added   3 pages and/or macros from XPBWPOLY.ht
Added   3 pages and/or macros from XPOLY.ht
Added   3 pages and/or macros from XPR.ht
Added   3 pages and/or macros from ZDSOLVE.ht
Added   3 pages and/or macros from ZLINDEP.ht
if [ -f copy_nphts ] ; then \
	   make copy-nphts ; \
	else \
	   make nphts ; \
	fi
make[1]: Entering directory `/home/hemmecke/v/git/fricas-bisect/fricas-1.2.0/src/paste'
for A in ALIST.pht ARRAY1.pht ARRAY2.pht BBTREE.pht BINARY.pht BOP.pht BSTREE.pht CARD.pht CARTEN.pht CCLASS.pht CHAR.pht CLIF.pht COMPLEX.pht CONTFRAC.pht CYCLES.pht DECIMAL.pht DERHAM.pht DFLOAT.pht DMP.pht EQ.pht EQTBL.pht EXIT.pht EXPR.pht FARRAY.pht FILE.pht FLOAT.pht FNAME.pht FPARFRAC.pht FR.pht FR2.pht FRAC.pht GBF.pht GSTBL.pht HEAP.pht HEXADEC.pht INT.pht INTHEORY.pht KAFILE.pht KERNEL.pht LAZM3PK.pht LEXP.pht LEXTRIPK.pht LIB.pht LIST.pht LODO.pht LODO1.pht LODO2.pht LPOLY.pht LWORD.pht MAGMA.pht MAPPKG1.pht MATRIX.pht MKFUNC.pht MPOLY.pht MSET.pht NONE.pht OCT.pht ODPOL.pht OP.pht OVAR.pht PERMAN.pht PFR.pht POLY.pht QUAT.pht QUAT2.pht RADIX.pht RECLOS.pht REGSET.pht ROMAN.pht SEG.pht SET.pht SINT.pht SQMATRIX.pht SREGSET.pht STBL.pht STREAM.pht STRING.pht STRTBL.pht SYMBOL.pht TABLE.pht TEXTFILE.pht UNISEG.pht UP.pht VECTOR.pht VOID.pht WUTSET.pht XPBWPOLY.pht XPOLY.pht XPR.pht ZDSOLVE.pht ZLINDEP.pht evalex.pht exdiff.pht exint.pht exlap.pht exlimit.pht exmatrix.pht exseries.pht exsum.pht function.pht grpthry.pht numbers.pht polys.pht ug02.pht ug03.pht ug04.pht ug05.pht ug06.pht ug12.pht ug13.pht; do \
	  cp ./${A} /home/hemmecke/v/git/fricas-bisect/fricas/target/x86_64-unknown-linux/share/hypertex/pages ; \
	done
make[1]: Leaving directory `/home/hemmecke/v/git/fricas-bisect/fricas-1.2.0/src/paste'
if [ -f copy_gphts ] ; then make copy-gphts ; fi
make[1]: Entering directory `/home/hemmecke/v/git/fricas-bisect/fricas-1.2.0/src/paste'
for A in SEGBIND.pht explot2d.pht coverex.pht explot3d.pht graphics.pht ug01.pht ug07.pht ug08.pht ug10.pht ug11.pht; do \
	  cp ./${A} /home/hemmecke/v/git/fricas-bisect/fricas/target/x86_64-unknown-linux/share/hypertex/pages ; \
	done
cp -r ./*.VIEW /home/hemmecke/v/git/fricas-bisect/fricas/target/x86_64-unknown-linux/share/viewports
make[1]: Leaving directory `/home/hemmecke/v/git/fricas-bisect/fricas-1.2.0/src/paste'
(cd /home/hemmecke/v/git/fricas-bisect/fricas/target/x86_64-unknown-linux/share/hypertex/pages; \
	  rm -f ht.db ; \
	  /home/hemmecke/v/git/fricas-bisect/fricas/target/x86_64-unknown-linux/bin/htadd *.ht *.pht )
Added   2 pages and/or macros from algebra.ht
Added   3 pages and/or macros from ALIST.ht
Added   3 pages and/or macros from ARRAY1.ht
Added   3 pages and/or macros from ARRAY2.ht
Added  29 pages and/or macros from aspex.ht
Added   2 pages and/or macros from basic.ht
Added   3 pages and/or macros from BBTREE.ht
Added   3 pages and/or macros from BINARY.ht
Added   1 pages and/or macros from bmcat.ht
Added   3 pages and/or macros from BOP.ht
Added   3 pages and/or macros from BSTREE.ht
Added   3 pages and/or macros from CARD.ht
Added   3 pages and/or macros from CARTEN.ht
Added   3 pages and/or macros from CCLASS.ht
Added   3 pages and/or macros from CHAR.ht
Added  15 pages and/or macros from CLIF.ht
Added   3 pages and/or macros from COMPLEX.ht
Added   3 pages and/or macros from CONTFRAC.ht
Added  10 pages and/or macros from coverex.ht
Added   1 pages and/or macros from CPHelp.ht
Added   3 pages and/or macros from CYCLES.ht
Added   3 pages and/or macros from DECIMAL.ht
Added   3 pages and/or macros from DERHAM.ht
Added   3 pages and/or macros from DFLOAT.ht
Added   3 pages and/or macros from DMP.ht
Added   3 pages and/or macros from EQ.ht
Added   3 pages and/or macros from EQTBL.ht
Added   2 pages and/or macros from evalex.ht
Added   6 pages and/or macros from exdiff.ht
Added  10 pages and/or macros from exint.ht
Added   3 pages and/or macros from EXIT.ht
Added   6 pages and/or macros from exlap.ht
Added   7 pages and/or macros from exlimit.ht
Added   6 pages and/or macros from exmatrix.ht
Added   4 pages and/or macros from explot2d.ht
Added   3 pages and/or macros from explot3d.ht
Added   4 pages and/or macros from expose.ht
Added   3 pages and/or macros from EXPR.ht
Added   4 pages and/or macros from exseries.ht
Added   8 pages and/or macros from exsum.ht
Added   3 pages and/or macros from FARRAY.ht
Added   3 pages and/or macros from FILE.ht
Added  15 pages and/or macros from FLOAT.ht
Added   3 pages and/or macros from FNAME.ht
Added   3 pages and/or macros from FPARFRAC.ht
Added   3 pages and/or macros from FR2.ht
Added   3 pages and/or macros from FRAC.ht
Added  18 pages and/or macros from FR.ht
Added   7 pages and/or macros from function.ht
Added   3 pages and/or macros from GBF.ht
Added   1 pages and/or macros from gloss.ht
Added  40 pages and/or macros from graphics.ht
Added   4 pages and/or macros from grpthry.ht
Added   3 pages and/or macros from GSTBL.ht
Added   3 pages and/or macros from HEAP.ht
Added   0 pages and/or macros from help.ht
Added   3 pages and/or macros from HEXADEC.ht
Added   5 pages and/or macros from HTXAdvPage1.ht
Added   1 pages and/or macros from HTXAdvPage2.ht
Added   1 pages and/or macros from HTXAdvPage3.ht
Added   4 pages and/or macros from HTXAdvPage4.ht
Added   1 pages and/or macros from HTXAdvPage5.ht
Added   7 pages and/or macros from HTXAdvPage6.ht
Added   1 pages and/or macros from HTXAdvTopPage.ht
Added   5 pages and/or macros from HTXFormatPage1.ht
Added   9 pages and/or macros from HTXFormatPage2.ht
Added   9 pages and/or macros from HTXFormatPage3.ht
Added  11 pages and/or macros from HTXFormatPage4.ht
Added   7 pages and/or macros from HTXFormatPage5.ht
Added   5 pages and/or macros from HTXFormatPage6.ht
Added   7 pages and/or macros from HTXFormatPage7.ht
Added   5 pages and/or macros from HTXFormatPage8.ht
Added   1 pages and/or macros from HTXFormatTopPage.ht
Added   1 pages and/or macros from HTXIntroPage1.ht
Added   1 pages and/or macros from HTXIntroPage2.ht
Added   1 pages and/or macros from HTXIntroPage3.ht
Added   1 pages and/or macros from HTXIntroTopPage.ht
Added   4 pages and/or macros from HTXLinkPage1.ht
Added   3 pages and/or macros from HTXLinkPage2.ht
Added   7 pages and/or macros from HTXLinkPage3.ht
Added  11 pages and/or macros from HTXLinkPage4.ht
Added   5 pages and/or macros from HTXLinkPage5.ht
Added   5 pages and/or macros from HTXLinkPage6.ht
Added   1 pages and/or macros from HTXLinkTopPage.ht
Added   1 pages and/or macros from HTXplay.ht
Added   1 pages and/or macros from HTXTopPage.ht
Added   1 pages and/or macros from HTXTryPage.ht
Added   1 pages and/or macros from hyperdoc.ht
Added   3 pages and/or macros from INTHEORY.ht
Added  12 pages and/or macros from INT.ht
Added   3 pages and/or macros from KAFILE.ht
Added   3 pages and/or macros from KERNEL.ht
Added   3 pages and/or macros from LAZM3PK.ht
Added   3 pages and/or macros from LEXP.ht
Added   3 pages and/or macros from LEXTRIPK.ht
Added   3 pages and/or macros from LIB.ht
Added  16 pages and/or macros from Link.ht
Added  18 pages and/or macros from LIST.ht
Added   6 pages and/or macros from LODO1.ht
Added   9 pages and/or macros from LODO2.ht
Added   6 pages and/or macros from LODO.ht
Added   3 pages and/or macros from LPOLY.ht
Added   3 pages and/or macros from LWORD.ht
Added   3 pages and/or macros from MAGMA.ht
Added   3 pages and/or macros from man0.ht
Added   2 pages and/or macros from mapping.ht
Added   3 pages and/or macros from MAPPKG1.ht
Added   9 pages and/or macros from MATRIX.ht
Added   3 pages and/or macros from MKFUNC.ht
Added   3 pages and/or macros from MPOLY.ht
Added   3 pages and/or macros from MSET.ht
Added   2 pages and/or macros from newuser.ht
Added   3 pages and/or macros from NONE.ht
Added  10 pages and/or macros from numbers.ht
Added   3 pages and/or macros from OCT.ht
Added   3 pages and/or macros from ODPOL.ht
Added   3 pages and/or macros from OP.ht
Added   3 pages and/or macros from OVAR.ht
Added   8 pages and/or macros from patch.ht
Added   3 pages and/or macros from PERMAN.ht
Added   3 pages and/or macros from PFR.ht
Added   3 pages and/or macros from POLY.ht
Added   6 pages and/or macros from polys.ht
Added   3 pages and/or macros from QUAT2.ht
Added   3 pages and/or macros from QUAT.ht
Added   3 pages and/or macros from RADIX.ht
Added   3 pages and/or macros from RECLOS.ht
Added   2 pages and/or macros from record.ht
Added   3 pages and/or macros from REGSET.ht
Added   3 pages and/or macros from releaseNotes.ht
Added   3 pages and/or macros from ROMAN.ht
Added   6 pages and/or macros from rootpage.ht
Added   3 pages and/or macros from SEGBIND.ht
Added   3 pages and/or macros from SEG.ht
Added   3 pages and/or macros from SET.ht
Added   3 pages and/or macros from SINT.ht
Added   3 pages and/or macros from SQMATRIX.ht
Added   0 pages and/or macros from srchkey.ht
Added   3 pages and/or macros from SREGSET.ht
Added   3 pages and/or macros from STBL.ht
Added   3 pages and/or macros from STREAM.ht
Added   3 pages and/or macros from STRING.ht
Added   3 pages and/or macros from STRTBL.ht
Added   3 pages and/or macros from SYMBOL.ht
Added   3 pages and/or macros from TABLE.ht
Added   3 pages and/or macros from TEXTFILE.ht
Added   4 pages and/or macros from topics.ht
Added   1 pages and/or macros from type.ht
Added  81 pages and/or macros from ug01.ht
Added  63 pages and/or macros from ug02.ht
Added  30 pages and/or macros from ug03.ht
Added  30 pages and/or macros from ug04.ht
Added  63 pages and/or macros from ug05.ht
Added  83 pages and/or macros from ug06.ht
Added  76 pages and/or macros from ug07.ht
Added 126 pages and/or macros from ug08.ht
Added  30 pages and/or macros from ug10.ht
Added  33 pages and/or macros from ug11.ht
Added  39 pages and/or macros from ug12.ht
Added  66 pages and/or macros from ug13.ht
Added  33 pages and/or macros from ug14.ht
Added  42 pages and/or macros from ug15.ht
Added  90 pages and/or macros from ug16.ht
Added  45 pages and/or macros from ug21.ht
Added   3 pages and/or macros from ug22.ht
Added   1 pages and/or macros from ug.ht
Added   4 pages and/or macros from union.ht
Added   3 pages and/or macros from UNISEG.ht
Added   3 pages and/or macros from UP.ht
Added 283 pages and/or macros from util.ht
Added   3 pages and/or macros from VECTOR.ht
Added   3 pages and/or macros from VOID.ht
Added   3 pages and/or macros from WUTSET.ht
Added   3 pages and/or macros from xmpexp.ht
Added   3 pages and/or macros from XPBWPOLY.ht
Added   3 pages and/or macros from XPOLY.ht
Added   3 pages and/or macros from XPR.ht
Added   3 pages and/or macros from ZDSOLVE.ht
Added   3 pages and/or macros from ZLINDEP.ht
Added  20 pages and/or macros from ALIST.pht
Added  18 pages and/or macros from ARRAY1.pht
Added  40 pages and/or macros from ARRAY2.pht
Added  20 pages and/or macros from BBTREE.pht
Added  14 pages and/or macros from BINARY.pht
Added  36 pages and/or macros from BOP.pht
Added  24 pages and/or macros from BSTREE.pht
Added  40 pages and/or macros from CARD.pht
Added  96 pages and/or macros from CARTEN.pht
Added  32 pages and/or macros from CCLASS.pht
Added  26 pages and/or macros from CHAR.pht
Added  72 pages and/or macros from CLIF.pht
Added  32 pages and/or macros from COMPLEX.pht
Added  44 pages and/or macros from CONTFRAC.pht
Added 180 pages and/or macros from coverex.pht
Added  94 pages and/or macros from CYCLES.pht
Added  14 pages and/or macros from DECIMAL.pht
Added  66 pages and/or macros from DERHAM.pht
Added  20 pages and/or macros from DFLOAT.pht
Added  16 pages and/or macros from DMP.pht
Added  24 pages and/or macros from EQ.pht
Added  12 pages and/or macros from EQTBL.pht
Added   4 pages and/or macros from evalex.pht
Added  20 pages and/or macros from exdiff.pht
Added  24 pages and/or macros from exint.pht
Added  12 pages and/or macros from EXIT.pht
Added  12 pages and/or macros from exlap.pht
Added  26 pages and/or macros from exlimit.pht
Added  36 pages and/or macros from exmatrix.pht
Added   8 pages and/or macros from explot2d.pht
Added  10 pages and/or macros from explot3d.pht
Added  48 pages and/or macros from EXPR.pht
Added  18 pages and/or macros from exseries.pht
Added  26 pages and/or macros from exsum.pht
Added  32 pages and/or macros from FARRAY.pht
Added  26 pages and/or macros from FILE.pht
Added  74 pages and/or macros from FLOAT.pht
Added  36 pages and/or macros from FNAME.pht
Added  32 pages and/or macros from FPARFRAC.pht
Added  12 pages and/or macros from FR2.pht
Added  24 pages and/or macros from FRAC.pht
Added  76 pages and/or macros from FR.pht
Added  60 pages and/or macros from function.pht
Added   6 pages and/or macros from GBF.pht
Added 306 pages and/or macros from graphics.pht
Added  42 pages and/or macros from grpthry.pht
Added  14 pages and/or macros from GSTBL.pht
Added  16 pages and/or macros from HEAP.pht
Added  14 pages and/or macros from HEXADEC.pht
Added  44 pages and/or macros from INTHEORY.pht
Added  94 pages and/or macros from INT.pht
Added  42 pages and/or macros from KAFILE.pht
Added  38 pages and/or macros from KERNEL.pht
Added  72 pages and/or macros from LAZM3PK.pht
Added  26 pages and/or macros from LEXP.pht
Added  44 pages and/or macros from LEXTRIPK.pht
Added  16 pages and/or macros from LIB.pht
Added  66 pages and/or macros from LIST.pht
Added  40 pages and/or macros from LODO1.pht
Added  52 pages and/or macros from LODO2.pht
Added  32 pages and/or macros from LODO.pht
Added  56 pages and/or macros from LPOLY.pht
Added  44 pages and/or macros from LWORD.pht
Added  44 pages and/or macros from MAGMA.pht
Added  52 pages and/or macros from MAPPKG1.pht
Added  76 pages and/or macros from MATRIX.pht
Added  18 pages and/or macros from MKFUNC.pht
Added  20 pages and/or macros from MPOLY.pht
Added  24 pages and/or macros from MSET.pht
Added   6 pages and/or macros from NONE.pht
Added  66 pages and/or macros from numbers.pht
Added  30 pages and/or macros from OCT.pht
Added  72 pages and/or macros from ODPOL.pht
Added  42 pages and/or macros from OP.pht
Added  10 pages and/or macros from OVAR.pht
Added   6 pages and/or macros from PERMAN.pht
Added  20 pages and/or macros from PFR.pht
Added  92 pages and/or macros from POLY.pht
Added  58 pages and/or macros from polys.pht
Added  26 pages and/or macros from QUAT2.pht
Added  22 pages and/or macros from QUAT.pht
Added  34 pages and/or macros from RADIX.pht
Added 134 pages and/or macros from RECLOS.pht
Added  68 pages and/or macros from REGSET.pht
Added  20 pages and/or macros from ROMAN.pht
Added  12 pages and/or macros from SEGBIND.pht
Added  20 pages and/or macros from SEG.pht
Added  40 pages and/or macros from SET.pht
Added  22 pages and/or macros from SINT.pht
Added  12 pages and/or macros from SQMATRIX.pht
Added  46 pages and/or macros from SREGSET.pht
Added  14 pages and/or macros from STBL.pht
Added  24 pages and/or macros from STREAM.pht
Added  70 pages and/or macros from STRING.pht
Added   6 pages and/or macros from STRTBL.pht
Added  48 pages and/or macros from SYMBOL.pht
Added  36 pages and/or macros from TABLE.pht
Added  22 pages and/or macros from TEXTFILE.pht
Added 404 pages and/or macros from ug01.pht
Added 280 pages and/or macros from ug02.pht
Added   4 pages and/or macros from ug03.pht
Added  72 pages and/or macros from ug04.pht
Added 212 pages and/or macros from ug05.pht
Added 484 pages and/or macros from ug06.pht
Added 318 pages and/or macros from ug07.pht
Added 816 pages and/or macros from ug08.pht
Added  82 pages and/or macros from ug10.pht
Added  46 pages and/or macros from ug11.pht
Added   4 pages and/or macros from ug12.pht
Added  54 pages and/or macros from ug13.pht
Added  18 pages and/or macros from UNISEG.pht
Added  70 pages and/or macros from UP.pht
Added  22 pages and/or macros from VECTOR.pht
Added  12 pages and/or macros from VOID.pht
Added  32 pages and/or macros from WUTSET.pht
Added  78 pages and/or macros from XPBWPOLY.pht
Added  28 pages and/or macros from XPOLY.pht
Added  30 pages and/or macros from XPR.pht
Added  56 pages and/or macros from ZDSOLVE.pht
Added  16 pages and/or macros from ZLINDEP.pht
